[2026-03-24 05:11:00 AM] --- ENGINE START: Initiating Full-Auto Workflow ---
[2026-03-24 05:11:00 AM] Phase 1: Scouting niche subreddits...
[2026-03-24 05:11:00 AM] Step 1: Discovering the LATEST SINGLE thread across 15 subreddits...
[2026-03-24 05:11:00 AM] Fetching 1 from r/SaaS...
[2026-03-24 05:11:01 AM] Success: Fetched the newest thread in r/SaaS.
[2026-03-24 05:11:03 AM] Fetching 1 from r/indiehackers...
[2026-03-24 05:11:04 AM] Success: Fetched the newest thread in r/indiehackers.
[2026-03-24 05:11:06 AM] Fetching 1 from r/startups...
[2026-03-24 05:11:07 AM] Success: Fetched the newest thread in r/startups.
[2026-03-24 05:11:09 AM] Fetching 1 from r/solopreneur...
[2026-03-24 05:11:10 AM] Success: Fetched the newest thread in r/solopreneur.
[2026-03-24 05:11:12 AM] Fetching 1 from r/entrepreneur...
[2026-03-24 05:11:13 AM] Success: Fetched the newest thread in r/entrepreneur.
[2026-03-24 05:11:15 AM] Fetching 1 from r/sideproject...
[2026-03-24 05:11:16 AM] Success: Fetched the newest thread in r/sideproject.
[2026-03-24 05:11:18 AM] Fetching 1 from r/microsaas...
[2026-03-24 05:11:19 AM] Success: Fetched the newest thread in r/microsaas.
[2026-03-24 05:11:21 AM] Fetching 1 from r/buildinpublic...
[2026-03-24 05:11:22 AM] Success: Fetched the newest thread in r/buildinpublic.
[2026-03-24 05:11:24 AM] Fetching 1 from r/digitalnomad...
[2026-03-24 05:11:24 AM] Success: Fetched the newest thread in r/digitalnomad.
[2026-03-24 05:11:26 AM] Fetching 1 from r/GrowthHacking...
[2026-03-24 05:11:27 AM] Success: Fetched the newest thread in r/GrowthHacking.
[2026-03-24 05:11:29 AM] Fetching 1 from r/SelfHosted...
[2026-03-24 05:11:30 AM] Success: Fetched the newest thread in r/SelfHosted.
[2026-03-24 05:11:32 AM] Fetching 1 from r/ProductManagement...
[2026-03-24 05:11:33 AM] Success: Fetched the newest thread in r/ProductManagement.
[2026-03-24 05:11:35 AM] Fetching 1 from r/Marketing...
[2026-03-24 05:11:36 AM] Success: Fetched the newest thread in r/Marketing.
[2026-03-24 05:11:38 AM] Fetching 1 from r/Business...
[2026-03-24 05:11:39 AM] Success: Fetched the newest thread in r/Business.
[2026-03-24 05:11:41 AM] Fetching 1 from r/AppDevelopment...
[2026-03-24 05:11:43 AM] Success: Fetched the newest thread in r/AppDevelopment.
[2026-03-24 05:11:45 AM] Discovery Phase Complete. 11 threads total in /home/i-appreciate-it/Documents/prof-engineering/www/personal-projects/linkedin-cli-project/linkedin-post-gen_gemini/content/temp.
[2026-03-24 05:11:45 AM] Phase 2: Brain is analyzing thread patterns for merging...
[2026-03-24 05:11:45 AM] Phase 3: Generating, Polishing, and Saving Posts...
[2026-03-24 05:11:45 AM] --- ENGINE COMPLETE: Check /content/posts/ and /reports/ ---
[2026-03-24 05:12:29 AM] Deep Dive: Fetching full thread context from /r/indiehackers/comments/1s1fp4n/how_i_got_my_5_first_users/...
[2026-03-24 05:12:33 AM] SUCCESS: Thread title: 'How I got my 5 first users' | Comments read: 43
[2026-03-24 06:01:18 AM] --- ENGINE START: Initiating Full-Auto Workflow ---
[2026-03-24 06:01:18 AM] Phase 1: Scouting niche subreddits...
[2026-03-24 06:01:18 AM] Step 1: Discovering the LATEST SINGLE thread across 16 subreddits...
[2026-03-24 06:01:18 AM] Fetching 1 from r/SaaS...
[2026-03-24 06:01:19 AM] Success: Fetched the newest thread in r/SaaS.
[2026-03-24 06:01:21 AM] Fetching 1 from r/indiehackers...
[2026-03-24 06:01:21 AM] Success: Fetched the newest thread in r/indiehackers.
[2026-03-24 06:01:23 AM] Fetching 1 from r/startups...
[2026-03-24 06:01:24 AM] Success: Fetched the newest thread in r/startups.
[2026-03-24 06:01:26 AM] Fetching 1 from r/solopreneur...
[2026-03-24 06:01:27 AM] Success: Fetched the newest thread in r/solopreneur.
[2026-03-24 06:01:29 AM] Fetching 1 from r/microsaas...
[2026-03-24 06:01:30 AM] Success: Fetched the newest thread in r/microsaas.
[2026-03-24 06:01:32 AM] Fetching 1 from r/buildinpublic...
[2026-03-24 06:01:33 AM] Success: Fetched the newest thread in r/buildinpublic.
[2026-03-24 06:01:35 AM] Fetching 1 from r/SelfHosted...
[2026-03-24 06:01:36 AM] Success: Fetched the newest thread in r/SelfHosted.
[2026-03-24 06:01:38 AM] Fetching 1 from r/smallbusiness...
[2026-03-24 06:01:39 AM] Success: Fetched the newest thread in r/smallbusiness.
[2026-03-24 06:01:41 AM] Fetching 1 from r/Sales...
[2026-03-24 06:01:41 AM] Success: Fetched the newest thread in r/Sales.
[2026-03-24 06:01:43 AM] Fetching 1 from r/roastmystartup...
[2026-03-24 06:01:44 AM] Success: Fetched the newest thread in r/roastmystartup.
[2026-03-24 06:01:46 AM] Fetching 1 from r/Business_Ideas...
[2026-03-24 06:01:47 AM] Success: Fetched the newest thread in r/Business_Ideas.
[2026-03-24 06:01:49 AM] Fetching 1 from r/SomebodyMakeThis...
[2026-03-24 06:01:51 AM] Success: Fetched the newest thread in r/SomebodyMakeThis.
[2026-03-24 06:01:53 AM] Fetching 1 from r/GrowthHacking...
[2026-03-24 06:01:54 AM] Success: Fetched the newest thread in r/GrowthHacking.
[2026-03-24 06:01:56 AM] Fetching 1 from r/ProductManagement...
[2026-03-24 06:01:57 AM] Success: Fetched the newest thread in r/ProductManagement.
[2026-03-24 06:01:59 AM] Fetching 1 from r/sideproject...
[2026-03-24 06:02:00 AM] Success: Fetched the newest thread in r/sideproject.
[2026-03-24 06:02:02 AM] Fetching 1 from r/digitalnomad...
[2026-03-24 06:02:03 AM] Success: Fetched the newest thread in r/digitalnomad.
[2026-03-24 06:02:05 AM] Discovery Phase Complete. 11 threads total in /home/i-appreciate-it/Documents/prof-engineering/www/personal-projects/linkedin-cli-project/linkedin-post-gen_gemini/content/temp.
[2026-03-24 06:02:05 AM] Phase 2: Brain is analyzing thread patterns for merging...
[2026-03-24 06:02:05 AM] Phase 3: Generating, Polishing, and Saving Posts...
[2026-03-24 06:02:05 AM] --- ENGINE COMPLETE: Check /content/posts/ and /reports/ ---
[2026-03-24 06:03:18 AM] Deep Dive: Fetching full thread context from /r/microsaas/comments/1s1zfjl/i_got_tired_of_paying_for_ai_subscriptions_so_i/...
[2026-03-24 06:03:19 AM] SUCCESS: Thread title: 'I got tired of paying for AI subscriptions, so I built a BYOK chat app' | Comments read: 0
[2026-03-24 06:03:19 AM] Deep Dive: Fetching full thread context from /r/smallbusiness/comments/1s1z6ik/i_couldnt_get_consistent_clients_from_ads_so_i/...
[2026-03-24 06:03:19 AM] SUCCESS: Thread title: 'I couldn’t get consistent clients from ads - so I built something to fix it' | Comments read: 2
[2026-03-24 06:03:19 AM] Deep Dive: Fetching full thread context from /r/SaaS/comments/1s1zhpj/i_built_a_certification_prep_platform_b2b_works/...
[2026-03-24 06:03:20 AM] SUCCESS: Thread title: 'I built a certification prep platform: B2B works, but B2C is failing. What am I missing?' | Comments read: 0
[2026-03-24 06:11:57 AM] --- ENGINE START: Initiating Full-Auto Workflow ---
[2026-03-24 06:11:57 AM] Phase 1: Scouting niche subreddits...
[2026-03-24 06:11:57 AM] Step 1: Discovering the LATEST SINGLE thread across 16 subreddits...
[2026-03-24 06:11:57 AM] Fetching 1 from r/SaaS...
[2026-03-24 06:11:58 AM] Success: Fetched the newest thread in r/SaaS.
[2026-03-24 06:12:00 AM] Fetching 1 from r/indiehackers...
[2026-03-24 06:12:01 AM] Success: Fetched the newest thread in r/indiehackers.
[2026-03-24 06:12:03 AM] Fetching 1 from r/startups...
[2026-03-24 06:12:03 AM] Success: Fetched the newest thread in r/startups.
[2026-03-24 06:12:05 AM] Fetching 1 from r/solopreneur...
[2026-03-24 06:12:06 AM] Success: Fetched the newest thread in r/solopreneur.
[2026-03-24 06:12:08 AM] Fetching 1 from r/microsaas...
[2026-03-24 06:12:09 AM] Success: Fetched the newest thread in r/microsaas.
[2026-03-24 06:12:11 AM] Fetching 1 from r/buildinpublic...
[2026-03-24 06:12:12 AM] Success: Fetched the newest thread in r/buildinpublic.
[2026-03-24 06:12:14 AM] Fetching 1 from r/SelfHosted...
[2026-03-24 06:12:15 AM] Success: Fetched the newest thread in r/SelfHosted.
[2026-03-24 06:12:17 AM] Fetching 1 from r/smallbusiness...
[2026-03-24 06:12:19 AM] Success: Fetched the newest thread in r/smallbusiness.
[2026-03-24 06:12:21 AM] Fetching 1 from r/Sales...
[2026-03-24 06:12:22 AM] Success: Fetched the newest thread in r/Sales.
[2026-03-24 06:12:24 AM] Fetching 1 from r/roastmystartup...
[2026-03-24 06:12:25 AM] Success: Fetched the newest thread in r/roastmystartup.
[2026-03-24 06:12:27 AM] Fetching 1 from r/Business_Ideas...
[2026-03-24 06:12:29 AM] Success: Fetched the newest thread in r/Business_Ideas.
[2026-03-24 06:12:31 AM] Fetching 1 from r/SomebodyMakeThis...
[2026-03-24 06:12:32 AM] Success: Fetched the newest thread in r/SomebodyMakeThis.
[2026-03-24 06:12:34 AM] Fetching 1 from r/GrowthHacking...
[2026-03-24 06:12:36 AM] Success: Fetched the newest thread in r/GrowthHacking.
[2026-03-24 06:12:38 AM] Fetching 1 from r/ProductManagement...
[2026-03-24 06:12:39 AM] Success: Fetched the newest thread in r/ProductManagement.
[2026-03-24 06:12:41 AM] Fetching 1 from r/sideproject...
[2026-03-24 06:12:43 AM] Success: Fetched the newest thread in r/sideproject.
[2026-03-24 06:12:45 AM] Fetching 1 from r/digitalnomad...
[2026-03-24 06:12:48 AM] Success: Fetched the newest thread in r/digitalnomad.
[2026-03-24 06:12:50 AM] Discovery Phase Complete. 11 threads total in /home/i-appreciate-it/Documents/prof-engineering/www/personal-projects/linkedin-cli-project/linkedin-post-gen_gemini/content/temp.
[2026-03-24 06:12:50 AM] Phase 2: Brain is analyzing thread patterns for merging...
[2026-03-24 06:12:50 AM] Phase 3: Generating, Polishing, and Saving Posts...
[2026-03-24 06:12:50 AM] --- ENGINE COMPLETE: Check /content/posts/ and /reports/ ---
[2026-03-24 06:14:59 AM] Deep Dive: Fetching full thread context from /r/SaaS/comments/1s1zruy/i_spent_3_months_building_a_saas_product_nobody/...
[2026-03-24 06:15:01 AM] SUCCESS: Thread title: 'I spent 3 months building a SaaS product nobody was going to use...I came from B2B SaaS &amp; brought all the wrong instincts into B2C.' | Comments read: 0
[2026-03-24 06:15:01 AM] Deep Dive: Fetching full thread context from /r/indiehackers/comments/1s1fp4n/how_i_got_my_5_first_users/...
[2026-03-24 06:15:04 AM] SUCCESS: Thread title: 'How I got my 5 first users' | Comments read: 45
[2026-03-24 06:15:04 AM] Deep Dive: Fetching full thread context from /r/Entrepreneur/comments/1s1vmcp/chronicles_of_bob_and_mel_episode_2/...
[2026-03-24 06:15:07 AM] SUCCESS: Thread title: 'Chronicles of Bob and Mel: Episode 2' | Comments read: 3
[2026-03-24 08:16:09 AM] Surgical Fetch: Downloading thread context from https://www.reddit.com/r/kimi/comments/1s1b8sw/api_billing_update_migrated_to_stripe_with.json...
[2026-03-24 08:16:10 AM] SUCCESS: Thread title: 'API billing update: migrated to Stripe with auto-generated invoices and improved tax support' | Comments: 3
[2026-03-24 08:16:10 AM] Saving to /home/i-appreciate-it/Documents/prof-engineering/www/personal-projects/linkedin-cli-project/linkedin-post-gen_gemini/content/temp/surgical_api_billing_update_migrated_to_stripe_with.json
[2026-03-24 08:19:11 AM] Surgical Fetch: Downloading thread context from https://www.reddit.com/r/Startup_Ideas/comments/1s1k4fo/finding_friends.json...
[2026-03-24 08:19:12 AM] SUCCESS: Thread title: 'Finding friends' | Comments: 5
[2026-03-24 08:19:12 AM] Saving to /home/i-appreciate-it/Documents/prof-engineering/www/personal-projects/linkedin-cli-project/linkedin-post-gen_gemini/content/temp/surgical_finding_friends.json
[2026-03-24 08:24:23 PM] --- ENGINE START: Initiating Full-Auto Workflow ---
[2026-03-24 08:24:23 PM] Phase 1: Scouting niche subreddits...
[2026-03-24 08:24:23 PM] Step 1: Discovering the LATEST SINGLE thread across 16 subreddits...
[2026-03-24 08:24:23 PM] Fetching 1 from r/SaaS...
[2026-03-24 08:24:25 PM] Success: Fetched the newest thread in r/SaaS.
[2026-03-24 08:24:27 PM] Fetching 1 from r/indiehackers...
[2026-03-24 08:24:28 PM] Success: Fetched the newest thread in r/indiehackers.
[2026-03-24 08:24:30 PM] Fetching 1 from r/startups...
[2026-03-24 08:24:31 PM] Success: Fetched the newest thread in r/startups.
[2026-03-24 08:24:33 PM] Fetching 1 from r/solopreneur...
[2026-03-24 08:24:35 PM] Success: Fetched the newest thread in r/solopreneur.
[2026-03-24 08:24:37 PM] Fetching 1 from r/microsaas...
[2026-03-24 08:24:38 PM] Success: Fetched the newest thread in r/microsaas.
[2026-03-24 08:24:40 PM] Fetching 1 from r/buildinpublic...
[2026-03-24 08:24:47 PM] Success: Fetched the newest thread in r/buildinpublic.
[2026-03-24 08:24:49 PM] Fetching 1 from r/SelfHosted...
[2026-03-24 08:24:50 PM] Success: Fetched the newest thread in r/SelfHosted.
[2026-03-24 08:24:52 PM] Fetching 1 from r/smallbusiness...
[2026-03-24 08:24:53 PM] Success: Fetched the newest thread in r/smallbusiness.
[2026-03-24 08:24:55 PM] Fetching 1 from r/Sales...
[2026-03-24 08:24:56 PM] Success: Fetched the newest thread in r/Sales.
[2026-03-24 08:24:58 PM] Fetching 1 from r/roastmystartup...
[2026-03-24 08:24:59 PM] Success: Fetched the newest thread in r/roastmystartup.
[2026-03-24 08:25:01 PM] Fetching 1 from r/Business_Ideas...
[2026-03-24 08:25:02 PM] Success: Fetched the newest thread in r/Business_Ideas.
[2026-03-24 08:25:04 PM] Fetching 1 from r/SomebodyMakeThis...
[2026-03-24 08:40:34 PM] Surgical Fetch: Downloading thread context from https://www.reddit.com/r/Startup_Ideas/s/by0JiekNea.json...
[2026-03-24 08:40:40 PM] Error: Failed to fetch valid Reddit data. Check the URL or your connection.
[2026-03-24 08:41:02 PM] Surgical Fetch: Downloading thread context from https://www.reddit.com/r/Startup_Ideas/comments/1s23dnj/how_many_real_customers_have_you_actually_gotten.json...
[2026-03-24 08:41:03 PM] SUCCESS: Thread title: 'How many real customers have you actually gotten from reddit' | Comments: 7
[2026-03-24 08:41:03 PM] Saving to /home/i-appreciate-it/Documents/prof-engineering/www/personal-projects/linkedin-cli-project/linkedin-post-gen_gemini/content/temp/surgical_how_many_real_customers_have_you_actually_gotten.json
[2026-03-25 12:08:00 AM] Surgical YouTube Fetch: Getting transcript for 'YouTube Video Xh0yX2_2fK0' (youtube-video-xh0yx2-2fk0)...
[2026-03-25 12:08:10 AM] CRITICAL ERROR: No subtitles found for this video.
[2026-03-25 12:08:21 AM] Surgical YouTube Fetch: Getting transcript for 'YouTube Video R9YV7O9S60o' (youtube-video-r9yv7o9s60o)...
[2026-03-25 12:08:30 AM] CRITICAL ERROR: No subtitles found for this video.
[2026-03-25 05:08:54 AM] Routing: 'scout' -> lib/reddit.sh
[2026-03-25 05:08:54 AM] Starting Template Indexer...
[2026-03-25 05:08:54 AM] SUCCESS: Indexed 102 templates at /home/i-appreciate-it/Documents/prof-engineering/www/personal-projects/linkedin-cli-project/linkedin-post-gen_gemini/templates/template_index.json
[2026-03-25 05:08:54 AM] Step 1: Discovering LATEST threads across all 21 subreddits...
[2026-03-25 05:08:54 AM] Current System Time: Wed Mar 25 05:08:54 PKT 2026
[2026-03-25 05:08:54 AM] Fetching r/SaaS...
[2026-03-25 05:08:57 AM] Fetching r/indiehackers...
[2026-03-25 05:09:00 AM] Fetching r/startups...
[2026-03-25 05:09:02 AM] Fetching r/solopreneur...
[2026-03-25 05:09:05 AM] Fetching r/microsaas...
[2026-03-25 05:09:08 AM] Fetching r/buildinpublic...
[2026-03-25 05:09:11 AM] Fetching r/SelfHosted...
[2026-03-25 05:09:13 AM] Fetching r/smallbusiness...
[2026-03-25 05:09:16 AM] Fetching r/Sales...
[2026-03-25 05:09:19 AM] Fetching r/roastmystartup...
[2026-03-25 05:09:22 AM] Fetching r/Business_Ideas...
[2026-03-25 05:09:24 AM] Fetching r/SomebodyMakeThis...
[2026-03-25 05:09:27 AM] Fetching r/GrowthHacking...
[2026-03-25 05:09:30 AM] Fetching r/ProductManagement...
[2026-03-25 05:09:33 AM] Fetching r/sideproject...
[2026-03-25 05:09:35 AM] Fetching r/sideprojects...
[2026-03-25 05:09:38 AM] Fetching r/Startup_Ideas...
[2026-03-25 05:09:41 AM] Fetching r/Marketing...
[2026-03-25 05:09:44 AM] Fetching r/Business...
[2026-03-25 05:09:46 AM] Fetching r/AppDevelopment...
[2026-03-25 05:09:49 AM] Fetching r/digitalnomad...
[2026-03-25 05:09:52 AM] Discovery Phase Complete. 21 threads total in /home/i-appreciate-it/Documents/prof-engineering/www/personal-projects/linkedin-cli-project/linkedin-post-gen_gemini/content/temp.
[2026-03-25 05:10:45 AM] Deep Dive: Fetching full thread context from https://www.reddit.com/r/SaaS/comments/1s2v32k/...
[2026-03-25 05:10:46 AM] SUCCESS: Thread title: '' | Comments read: 
[2026-03-25 05:10:59 AM] Deep Dive: Fetching full thread context from /r/SaaS/comments/1s2v32k/...
[2026-03-25 05:11:00 AM] SUCCESS: Thread title: 'Stop pretending building your own stablecoin rails is a "strategic moat" for your fintech' | Comments read: 0
[2026-03-25 05:11:00 AM] Deep Dive: Fetching full thread context from /r/indiehackers/comments/1s2etuu/...
[2026-03-25 05:11:01 AM] SUCCESS: Thread title: 'anyone up for a quick speed networking call this week? (builders/founders only)' | Comments read: 17
[2026-03-25 05:11:01 AM] Deep Dive: Fetching full thread context from /r/SideProject/comments/1s2v0ro/...
[2026-03-25 05:11:02 AM] SUCCESS: Thread title: '﻿I built a zero-config markdown slide presenter for devs who hate fighting slide software' | Comments read: 0
[2026-03-25 10:43:06 PM] Starting Multi-Scraper Stress Test...
[2026-03-25 10:43:06 PM] Target: https://www.producthunt.com/products/scraperai
[2026-03-25 10:43:06 PM] [Jina Pro] Fetching...
[2026-03-25 10:43:11 PM] [Jina Pro] Done (755 bytes)
[2026-03-25 10:43:11 PM] [Lynx] Fetching...
[2026-03-25 10:43:12 PM] [Lynx] Done (128 bytes)
[2026-03-25 10:43:12 PM] [Pandoc] Fetching...
[2026-03-25 10:43:12 PM] [Pandoc] Done (135 bytes)
[2026-03-25 10:43:12 PM] ---
[2026-03-25 10:43:14 PM] Target: https://betalist.com/startups/venturelens
[2026-03-25 10:43:14 PM] [Jina Pro] Fetching...
[2026-03-25 10:43:16 PM] [Jina Pro] Done (12038 bytes)
[2026-03-25 10:43:16 PM] [Lynx] Fetching...
[2026-03-25 10:43:17 PM] [Lynx] Done (2431 bytes)
[2026-03-25 10:43:17 PM] [Pandoc] Fetching...
[2026-03-25 10:43:19 PM] [Pandoc] Done (48446 bytes)
[2026-03-25 10:43:19 PM] ---
[2026-03-25 10:43:21 PM] Target: https://www.uneed.best/tool/glancelytics
[2026-03-25 10:43:21 PM] [Jina Pro] Fetching...
[2026-03-25 10:43:26 PM] [Jina Pro] Done (14964 bytes)
[2026-03-25 10:43:26 PM] [Lynx] Fetching...
[2026-03-25 10:43:28 PM] [Lynx] Done (3902 bytes)
[2026-03-25 10:43:28 PM] [Pandoc] Fetching...
[2026-03-25 10:43:30 PM] [Pandoc] Done (32741 bytes)
[2026-03-25 10:43:30 PM] ---
[2026-03-25 10:43:32 PM] Target: https://microlaunch.net/p/hummingdeck
[2026-03-25 10:43:32 PM] [Jina Pro] Fetching...
[2026-03-25 10:43:33 PM] [Jina Pro] Done (9354 bytes)
[2026-03-25 10:43:33 PM] [Lynx] Fetching...
[2026-03-25 10:43:35 PM] [Lynx] Done (2850 bytes)
[2026-03-25 10:43:35 PM] [Pandoc] Fetching...
[2026-03-25 10:43:36 PM] [Pandoc] Done (45153 bytes)
[2026-03-25 10:43:36 PM] ---
[2026-03-25 10:43:38 PM] Target: https://peerlist.io/sourmango/project/sour-mango--ai-travel-companion
[2026-03-25 10:43:38 PM] [Jina Pro] Fetching...
[2026-03-25 10:43:45 PM] [Jina Pro] Done (24214 bytes)
[2026-03-25 10:43:45 PM] [Lynx] Fetching...
[2026-03-25 10:43:46 PM] [Lynx] Done (128 bytes)
[2026-03-25 10:43:46 PM] [Pandoc] Fetching...
[2026-03-25 10:43:47 PM] [Pandoc] Done (135 bytes)
[2026-03-25 10:43:47 PM] ---
[2026-03-25 10:43:49 PM] Target: https://dang.ai/tool/img2img-img-2-img-net
[2026-03-25 10:43:49 PM] [Jina Pro] Fetching...
[2026-03-25 10:43:53 PM] [Jina Pro] Done (41841 bytes)
[2026-03-25 10:43:53 PM] [Lynx] Fetching...
[2026-03-25 10:43:57 PM] [Lynx] Done (16496 bytes)
[2026-03-25 10:43:57 PM] [Pandoc] Fetching...
[2026-03-25 10:43:59 PM] [Pandoc] Done (195784 bytes)
[2026-03-25 10:43:59 PM] ---
[2026-03-25 10:44:01 PM] Target: https://dang.ai/tool/product-requirement-document-ai-writer-writemyprd
[2026-03-25 10:44:01 PM] [Jina Pro] Fetching...
[2026-03-25 10:44:04 PM] [Jina Pro] Done (45149 bytes)
[2026-03-25 10:44:04 PM] [Lynx] Fetching...
[2026-03-25 10:44:09 PM] [Lynx] Done (17122 bytes)
[2026-03-25 10:44:09 PM] [Pandoc] Fetching...
[2026-03-25 10:44:10 PM] [Pandoc] Done (198975 bytes)
[2026-03-25 10:44:10 PM] ---
[2026-03-25 10:44:12 PM] Stress Test Complete. Results in test/results/
[2026-03-26 01:02:48 AM] Starting Template Indexer...
[2026-03-26 01:02:48 AM] SUCCESS: Indexed 102 templates at /home/i-appreciate-it/Documents/prof-engineering/www/personal-projects/linkedin-cli-project/linkedin-post-gen_gemini/templates/template_index.json
[2026-03-26 01:02:48 AM] Product Scalpel: Initiating Resilient Fetch for peerlist -> https://peerlist.io/sourmango/project/sour-mango--ai-travel-companion
[2026-03-26 01:02:48 AM] [Layer 1] Attempting Jina Pro Fetch...
[2026-03-26 01:02:55 AM] SUCCESS: peerlist captured (1263 words) -> /home/i-appreciate-it/Documents/prof-engineering/www/personal-projects/linkedin-cli-project/linkedin-post-gen_gemini/content/temp/product_peerlist_peerlist-io-sourmango-project-sour-mango--ai-trave.json
[2026-03-26 01:03:27 AM] Starting Template Indexer...
[2026-03-26 01:03:27 AM] SUCCESS: Indexed 102 templates at /home/i-appreciate-it/Documents/prof-engineering/www/personal-projects/linkedin-cli-project/linkedin-post-gen_gemini/templates/template_index.json
[2026-03-26 01:03:27 AM] Product Scalpel: Initiating Resilient Fetch for betalist -> https://betalist.com/startups/venturelens
[2026-03-26 01:03:27 AM] [Layer 1] Attempting Jina Pro Fetch...
[2026-03-26 01:03:32 AM] SUCCESS: betalist captured (287 words) -> /home/i-appreciate-it/Documents/prof-engineering/www/personal-projects/linkedin-cli-project/linkedin-post-gen_gemini/content/temp/product_betalist_betalist-com-startups-venturelens.json
[2026-03-26 01:03:48 AM] Starting Template Indexer...
[2026-03-26 01:03:48 AM] SUCCESS: Indexed 102 templates at /home/i-appreciate-it/Documents/prof-engineering/www/personal-projects/linkedin-cli-project/linkedin-post-gen_gemini/templates/template_index.json
[2026-03-26 01:03:48 AM] Product Scalpel: Initiating Resilient Fetch for uneed -> https://www.uneed.best/tool/glancelytics
[2026-03-26 01:03:48 AM] [Layer 1] Attempting Jina Pro Fetch...
[2026-03-26 01:03:49 AM] [Layer 1] Failed or Thin (128 words). Escalating to [Layer 2] Lynx...
[2026-03-26 01:03:51 AM] SUCCESS: uneed captured (504 words) -> /home/i-appreciate-it/Documents/prof-engineering/www/personal-projects/linkedin-cli-project/linkedin-post-gen_gemini/content/temp/product_uneed_uneed-best-tool-glancelytics.json
[2026-03-26 01:04:07 AM] Starting Template Indexer...
[2026-03-26 01:04:07 AM] SUCCESS: Indexed 102 templates at /home/i-appreciate-it/Documents/prof-engineering/www/personal-projects/linkedin-cli-project/linkedin-post-gen_gemini/templates/template_index.json
[2026-03-26 01:04:07 AM] Product Scalpel: Initiating Resilient Fetch for microlaunch -> https://microlaunch.net/p/hummingdeck
[2026-03-26 01:04:07 AM] [Layer 1] Attempting Jina Pro Fetch...
[2026-03-26 01:04:08 AM] SUCCESS: microlaunch captured (354 words) -> /home/i-appreciate-it/Documents/prof-engineering/www/personal-projects/linkedin-cli-project/linkedin-post-gen_gemini/content/temp/product_microlaunch_microlaunch-net-p-hummingdeck.json
[2026-03-26 01:04:08 AM] Starting Template Indexer...
[2026-03-26 01:04:08 AM] SUCCESS: Indexed 102 templates at /home/i-appreciate-it/Documents/prof-engineering/www/personal-projects/linkedin-cli-project/linkedin-post-gen_gemini/templates/template_index.json
[2026-03-26 01:04:08 AM] Product Scalpel: Initiating Resilient Fetch for dangai -> https://dang.ai/tool/img2img-img-2-img-net
[2026-03-26 01:04:08 AM] [Layer 1] Attempting Jina Pro Fetch...
[2026-03-26 01:04:12 AM] SUCCESS: dangai captured (2395 words) -> /home/i-appreciate-it/Documents/prof-engineering/www/personal-projects/linkedin-cli-project/linkedin-post-gen_gemini/content/temp/product_dangai_dang-ai-tool-img2img-img-2-img-net.json
[2026-03-26 01:04:12 AM] Starting Template Indexer...
[2026-03-26 01:04:12 AM] SUCCESS: Indexed 102 templates at /home/i-appreciate-it/Documents/prof-engineering/www/personal-projects/linkedin-cli-project/linkedin-post-gen_gemini/templates/template_index.json
[2026-03-26 01:04:12 AM] Product Scalpel: Initiating Resilient Fetch for dangai -> https://dang.ai/tool/product-requirement-document-ai-writer-writemyprd
[2026-03-26 01:04:12 AM] [Layer 1] Attempting Jina Pro Fetch...
[2026-03-26 01:04:16 AM] SUCCESS: dangai captured (2478 words) -> /home/i-appreciate-it/Documents/prof-engineering/www/personal-projects/linkedin-cli-project/linkedin-post-gen_gemini/content/temp/product_dangai_dang-ai-tool-product-requirement-document-ai-write.json
[2026-03-26 01:09:31 AM] Starting Template Indexer...
[2026-03-26 01:09:31 AM] SUCCESS: Indexed 102 templates at /home/i-appreciate-it/Documents/prof-engineering/www/personal-projects/linkedin-cli-project/linkedin-post-gen_gemini/templates/template_index.json
[2026-03-26 01:09:31 AM] Scalpel: Initiating 3-Layer Scraping for https://appwrite.io/blog/post/the-fastest-way-to-launch-your-next-side-project?ref=dailydev...
[2026-03-26 01:09:31 AM] Layer 1: Attempting Clean Fetch...
[2026-03-26 01:09:32 AM] SUCCESS: Article captured via 3-Layer Stack (19321 words) -> /home/i-appreciate-it/Documents/prof-engineering/www/personal-projects/linkedin-cli-project/linkedin-post-gen_gemini/content/temp/article_appwrite-io-blog-post-the-fastest-way-to-launch-yo.json
[2026-03-26 01:12:46 AM] Routing: 'fetch_article' -> lib/fetch_article.sh
[2026-03-26 01:12:46 AM] Starting Template Indexer...
[2026-03-26 01:12:46 AM] SUCCESS: Indexed 102 templates at /home/i-appreciate-it/Documents/prof-engineering/www/personal-projects/linkedin-cli-project/linkedin-post-gen_gemini/templates/template_index.json
[2026-03-26 01:12:46 AM] Scalpel: Initiating 3-Layer Scraping for https://appwrite.io/blog/post/the-fastest-way-to-launch-your-next-side-project?ref=dailydev...
[2026-03-26 01:12:46 AM] Layer 1: Attempting Clean Fetch...
[2026-03-26 01:12:46 AM] SUCCESS: Article captured via 3-Layer Stack (19321 words) -> /home/i-appreciate-it/Documents/prof-engineering/www/personal-projects/linkedin-cli-project/linkedin-post-gen_gemini/content/temp/article_appwrite-io-blog-post-the-fastest-way-to-launch-yo.json
[2026-03-26 01:18:03 AM] Routing: 'fetch_article' -> lib/fetch_article.sh
[2026-03-26 01:18:03 AM] Starting Template Indexer...
[2026-03-26 01:18:03 AM] SUCCESS: Indexed 102 templates at /home/i-appreciate-it/Documents/prof-engineering/www/personal-projects/linkedin-cli-project/linkedin-post-gen_gemini/templates/template_index.json
[2026-03-26 01:18:03 AM] Scalpel: Initiating 3-Layer Scraping for https://appwrite.io/blog/post/the-fastest-way-to-launch-your-next-side-project?ref=dailydev...
[2026-03-26 01:18:03 AM] Layer 1: Attempting Clean Fetch...
[2026-03-26 01:18:04 AM] SUCCESS: Article captured via 3-Layer Stack (19321 words) -> /home/i-appreciate-it/Documents/prof-engineering/www/personal-projects/linkedin-cli-project/linkedin-post-gen_gemini/content/temp/article_appwrite-io-blog-post-the-fastest-way-to-launch-yo.json
