[2026-03-24 06:11:57 AM] --- ENGINE START: Initiating Full-Auto Workflow ---
[2026-03-24 06:11:57 AM] Phase 1: Scouting niche subreddits...
[2026-03-24 06:11:57 AM] Step 1: Discovering the LATEST SINGLE thread across 16 subreddits...
[2026-03-24 06:11:57 AM] Fetching 1 from r/SaaS...
[2026-03-24 06:11:58 AM] Success: Fetched the newest thread in r/SaaS.
[2026-03-24 06:12:00 AM] Fetching 1 from r/indiehackers...
[2026-03-24 06:12:01 AM] Success: Fetched the newest thread in r/indiehackers.
[2026-03-24 06:12:03 AM] Fetching 1 from r/startups...
[2026-03-24 06:12:03 AM] Success: Fetched the newest thread in r/startups.
[2026-03-24 06:12:05 AM] Fetching 1 from r/solopreneur...
[2026-03-24 06:12:06 AM] Success: Fetched the newest thread in r/solopreneur.
[2026-03-24 06:12:08 AM] Fetching 1 from r/microsaas...
[2026-03-24 06:12:09 AM] Success: Fetched the newest thread in r/microsaas.
[2026-03-24 06:12:11 AM] Fetching 1 from r/buildinpublic...
[2026-03-24 06:12:12 AM] Success: Fetched the newest thread in r/buildinpublic.
[2026-03-24 06:12:14 AM] Fetching 1 from r/SelfHosted...
[2026-03-24 06:12:15 AM] Success: Fetched the newest thread in r/SelfHosted.
[2026-03-24 06:12:17 AM] Fetching 1 from r/smallbusiness...
[2026-03-24 06:12:19 AM] Success: Fetched the newest thread in r/smallbusiness.
[2026-03-24 06:12:21 AM] Fetching 1 from r/Sales...
[2026-03-24 06:12:22 AM] Success: Fetched the newest thread in r/Sales.
[2026-03-24 06:12:24 AM] Fetching 1 from r/roastmystartup...
[2026-03-24 06:12:25 AM] Success: Fetched the newest thread in r/roastmystartup.
[2026-03-24 06:12:27 AM] Fetching 1 from r/Business_Ideas...
[2026-03-24 06:12:29 AM] Success: Fetched the newest thread in r/Business_Ideas.
[2026-03-24 06:12:31 AM] Fetching 1 from r/SomebodyMakeThis...
[2026-03-24 06:12:32 AM] Success: Fetched the newest thread in r/SomebodyMakeThis.
[2026-03-24 06:12:34 AM] Fetching 1 from r/GrowthHacking...
[2026-03-24 06:12:36 AM] Success: Fetched the newest thread in r/GrowthHacking.
[2026-03-24 06:12:38 AM] Fetching 1 from r/ProductManagement...
[2026-03-24 06:12:39 AM] Success: Fetched the newest thread in r/ProductManagement.
[2026-03-24 06:12:41 AM] Fetching 1 from r/sideproject...
[2026-03-24 06:12:43 AM] Success: Fetched the newest thread in r/sideproject.
[2026-03-24 06:12:45 AM] Fetching 1 from r/digitalnomad...
[2026-03-24 06:12:48 AM] Success: Fetched the newest thread in r/digitalnomad.
[2026-03-24 06:12:50 AM] Discovery Phase Complete. 11 threads total in /home/i-appreciate-it/Documents/prof-engineering/www/personal-projects/linkedin-cli-project/linkedin-post-gen_gemini/content/temp.
[2026-03-24 06:12:50 AM] Phase 2: Brain is analyzing thread patterns for merging...
[2026-03-24 06:12:50 AM] Phase 3: Generating, Polishing, and Saving Posts...
[2026-03-24 06:12:50 AM] --- ENGINE COMPLETE: Check /content/posts/ and /reports/ ---
