[2026-03-24 06:01:18 AM] --- ENGINE START: Initiating Full-Auto Workflow ---
[2026-03-24 06:01:18 AM] Phase 1: Scouting niche subreddits...
[2026-03-24 06:01:18 AM] Step 1: Discovering the LATEST SINGLE thread across 16 subreddits...
[2026-03-24 06:01:18 AM] Fetching 1 from r/SaaS...
[2026-03-24 06:01:19 AM] Success: Fetched the newest thread in r/SaaS.
[2026-03-24 06:01:21 AM] Fetching 1 from r/indiehackers...
[2026-03-24 06:01:21 AM] Success: Fetched the newest thread in r/indiehackers.
[2026-03-24 06:01:23 AM] Fetching 1 from r/startups...
[2026-03-24 06:01:24 AM] Success: Fetched the newest thread in r/startups.
[2026-03-24 06:01:26 AM] Fetching 1 from r/solopreneur...
[2026-03-24 06:01:27 AM] Success: Fetched the newest thread in r/solopreneur.
[2026-03-24 06:01:29 AM] Fetching 1 from r/microsaas...
[2026-03-24 06:01:30 AM] Success: Fetched the newest thread in r/microsaas.
[2026-03-24 06:01:32 AM] Fetching 1 from r/buildinpublic...
[2026-03-24 06:01:33 AM] Success: Fetched the newest thread in r/buildinpublic.
[2026-03-24 06:01:35 AM] Fetching 1 from r/SelfHosted...
[2026-03-24 06:01:36 AM] Success: Fetched the newest thread in r/SelfHosted.
[2026-03-24 06:01:38 AM] Fetching 1 from r/smallbusiness...
[2026-03-24 06:01:39 AM] Success: Fetched the newest thread in r/smallbusiness.
[2026-03-24 06:01:41 AM] Fetching 1 from r/Sales...
[2026-03-24 06:01:41 AM] Success: Fetched the newest thread in r/Sales.
[2026-03-24 06:01:43 AM] Fetching 1 from r/roastmystartup...
[2026-03-24 06:01:44 AM] Success: Fetched the newest thread in r/roastmystartup.
[2026-03-24 06:01:46 AM] Fetching 1 from r/Business_Ideas...
[2026-03-24 06:01:47 AM] Success: Fetched the newest thread in r/Business_Ideas.
[2026-03-24 06:01:49 AM] Fetching 1 from r/SomebodyMakeThis...
[2026-03-24 06:01:51 AM] Success: Fetched the newest thread in r/SomebodyMakeThis.
[2026-03-24 06:01:53 AM] Fetching 1 from r/GrowthHacking...
[2026-03-24 06:01:54 AM] Success: Fetched the newest thread in r/GrowthHacking.
[2026-03-24 06:01:56 AM] Fetching 1 from r/ProductManagement...
[2026-03-24 06:01:57 AM] Success: Fetched the newest thread in r/ProductManagement.
[2026-03-24 06:01:59 AM] Fetching 1 from r/sideproject...
[2026-03-24 06:02:00 AM] Success: Fetched the newest thread in r/sideproject.
[2026-03-24 06:02:02 AM] Fetching 1 from r/digitalnomad...
[2026-03-24 06:02:03 AM] Success: Fetched the newest thread in r/digitalnomad.
[2026-03-24 06:02:05 AM] Discovery Phase Complete. 11 threads total in /home/i-appreciate-it/Documents/prof-engineering/www/personal-projects/linkedin-cli-project/linkedin-post-gen_gemini/content/temp.
[2026-03-24 06:02:05 AM] Phase 2: Brain is analyzing thread patterns for merging...
[2026-03-24 06:02:05 AM] Phase 3: Generating, Polishing, and Saving Posts...
[2026-03-24 06:02:05 AM] --- ENGINE COMPLETE: Check /content/posts/ and /reports/ ---
