[2026-03-24 05:11:00 AM] --- ENGINE START: Initiating Full-Auto Workflow ---
[2026-03-24 05:11:00 AM] Phase 1: Scouting niche subreddits...
[2026-03-24 05:11:00 AM] Step 1: Discovering the LATEST SINGLE thread across 15 subreddits...
[2026-03-24 05:11:00 AM] Fetching 1 from r/SaaS...
[2026-03-24 05:11:01 AM] Success: Fetched the newest thread in r/SaaS.
[2026-03-24 05:11:03 AM] Fetching 1 from r/indiehackers...
[2026-03-24 05:11:04 AM] Success: Fetched the newest thread in r/indiehackers.
[2026-03-24 05:11:06 AM] Fetching 1 from r/startups...
[2026-03-24 05:11:07 AM] Success: Fetched the newest thread in r/startups.
[2026-03-24 05:11:09 AM] Fetching 1 from r/solopreneur...
[2026-03-24 05:11:10 AM] Success: Fetched the newest thread in r/solopreneur.
[2026-03-24 05:11:12 AM] Fetching 1 from r/entrepreneur...
[2026-03-24 05:11:13 AM] Success: Fetched the newest thread in r/entrepreneur.
[2026-03-24 05:11:15 AM] Fetching 1 from r/sideproject...
[2026-03-24 05:11:16 AM] Success: Fetched the newest thread in r/sideproject.
[2026-03-24 05:11:18 AM] Fetching 1 from r/microsaas...
[2026-03-24 05:11:19 AM] Success: Fetched the newest thread in r/microsaas.
[2026-03-24 05:11:21 AM] Fetching 1 from r/buildinpublic...
[2026-03-24 05:11:22 AM] Success: Fetched the newest thread in r/buildinpublic.
[2026-03-24 05:11:24 AM] Fetching 1 from r/digitalnomad...
[2026-03-24 05:11:24 AM] Success: Fetched the newest thread in r/digitalnomad.
[2026-03-24 05:11:26 AM] Fetching 1 from r/GrowthHacking...
[2026-03-24 05:11:27 AM] Success: Fetched the newest thread in r/GrowthHacking.
[2026-03-24 05:11:29 AM] Fetching 1 from r/SelfHosted...
[2026-03-24 05:11:30 AM] Success: Fetched the newest thread in r/SelfHosted.
[2026-03-24 05:11:32 AM] Fetching 1 from r/ProductManagement...
[2026-03-24 05:11:33 AM] Success: Fetched the newest thread in r/ProductManagement.
[2026-03-24 05:11:35 AM] Fetching 1 from r/Marketing...
[2026-03-24 05:11:36 AM] Success: Fetched the newest thread in r/Marketing.
[2026-03-24 05:11:38 AM] Fetching 1 from r/Business...
[2026-03-24 05:11:39 AM] Success: Fetched the newest thread in r/Business.
[2026-03-24 05:11:41 AM] Fetching 1 from r/AppDevelopment...
[2026-03-24 05:11:43 AM] Success: Fetched the newest thread in r/AppDevelopment.
[2026-03-24 05:11:45 AM] Discovery Phase Complete. 11 threads total in /home/i-appreciate-it/Documents/prof-engineering/www/personal-projects/linkedin-cli-project/linkedin-post-gen_gemini/content/temp.
[2026-03-24 05:11:45 AM] Phase 2: Brain is analyzing thread patterns for merging...
[2026-03-24 05:11:45 AM] Phase 3: Generating, Polishing, and Saving Posts...
[2026-03-24 05:11:45 AM] --- ENGINE COMPLETE: Check /content/posts/ and /reports/ ---
